Using pre-set license
Built from '2020.3/china_unity/release' branch; Version is '2020.3.0f1c1 (1e553bf703d9) revision 1987899'; Using compiler version '192528614'; Build Type 'Release'
OS: 'Windows 10 Home China; OS build 22000.613; Version 2009; 64bit' Language: 'zh' Physical Memory: 16140 MB
BatchMode: 1, IsHumanControllingUs: 0, StartBugReporterOnCrash: 0, Is64bit: 1, IsPro: 0

 COMMAND LINE ARGUMENTS:
C:\Program Files\Unity\Hub\Editor\2020.3.0f1c1\Editor\Unity.exe
-adb2
-batchMode
-noUpm
-name
AssetImportWorker0
-projectPath
D:/source/gitlab/infinity-flower-3d/flower
-logFile
Logs/AssetImportWorker0.log
-srvPort
63540
Successfully changed project path to: D:/source/gitlab/infinity-flower-3d/flower
D:/source/gitlab/infinity-flower-3d/flower
Using Asset Import Pipeline V2.
Refreshing native plugins compatible for Editor in 17.44 ms, found 0 plugins.
Preloading 0 native plugins for Editor in 0.00 ms.
Initialize engine version: 2020.3.0f1c1 (1e553bf703d9)
[Subsystems] Discovering subsystems at path C:/Program Files/Unity/Hub/Editor/2020.3.0f1c1/Editor/Data/Resources/UnitySubsystems
[Subsystems] Discovering subsystems at path D:/source/gitlab/infinity-flower-3d/flower/Assets
GfxDevice: creating device client; threaded=0
Direct3D:
    Version:  Direct3D 11.0 [level 11.0]
    Renderer: NVIDIA GeForce GT 730 (ID=0x1287)
    Vendor:   
    VRAM:     2007 MB
    Driver:   30.0.14.7327
Initialize mono
Mono path[0] = 'C:/Program Files/Unity/Hub/Editor/2020.3.0f1c1/Editor/Data/Managed'
Mono path[1] = 'C:/Program Files/Unity/Hub/Editor/2020.3.0f1c1/Editor/Data/MonoBleedingEdge/lib/mono/unityjit'
Mono config path = 'C:/Program Files/Unity/Hub/Editor/2020.3.0f1c1/Editor/Data/MonoBleedingEdge/etc'
Using monoOptions --debugger-agent=transport=dt_socket,embedding=1,server=y,suspend=n,address=127.0.0.1:56912
Begin MonoManager ReloadAssembly
Registering precompiled unity dll's ...
Register platform support module: C:/Program Files/Unity/Hub/Editor/2020.3.0f1c1/Editor/Data/PlaybackEngines/WebGLSupport/UnityEditor.WebGL.Extensions.dll
Register platform support module: C:/Program Files/Unity/Hub/Editor/2020.3.0f1c1/Editor/Data/PlaybackEngines/WindowsStandaloneSupport/UnityEditor.WindowsStandalone.Extensions.dll
Registered in 0.002372 seconds.
Native extension for WindowsStandalone target not found
Native extension for WebGL target not found
Refreshing native plugins compatible for Editor in 17.85 ms, found 0 plugins.
Preloading 0 native plugins for Editor in 0.00 ms.
Invoked RoslynAnalysisRunner static constructor.
RoslynAnalysisRunner will not be running.
RoslynAnalysisRunner has terminated.
Mono: successfully reloaded assembly
- Completed reload, in  0.680 seconds
Platform modules already initialized, skipping
Registering precompiled user dll's ...
Registered in 0.000863 seconds.
Begin MonoManager ReloadAssembly
Native extension for WindowsStandalone target not found
Native extension for WebGL target not found
Refreshing native plugins compatible for Editor in 0.21 ms, found 0 plugins.
Preloading 0 native plugins for Editor in 0.00 ms.
Invoked RoslynAnalysisRunner static constructor.
RoslynAnalysisRunner will not be running.
RoslynAnalysisRunner has terminated.
Mono: successfully reloaded assembly
- Completed reload, in  0.563 seconds
Platform modules already initialized, skipping
========================================================================
Worker process is ready to serve import requests
Launched and connected shader compiler UnityShaderCompiler.exe after 0.03 seconds
Refreshing native plugins compatible for Editor in 0.18 ms, found 0 plugins.
Preloading 0 native plugins for Editor in 0.00 ms.
Unloading 1280 Unused Serialized files (Serialized files now loaded: 0)
System memory in use before: 64.6 MB.
System memory in use after: 64.5 MB.

Unloading 13 unused Assets to reduce memory usage. Loaded Objects now: 1720.
Total: 1.766400 ms (FindLiveObjects: 0.159000 ms CreateObjectMapping: 0.022000 ms MarkObjects: 1.440800 ms  DeleteObjects: 0.143300 ms)

========================================================================
Received Import Request.
  path: Assets/Models/Material_Base_Color.png
  artifactKey: Guid(8c7f586a591625840955299560ac2223) Importer(815301076,1909f56bfc062723c751e8b465ee728b)
Start importing Assets/Models/Material_Base_Color.png using Guid(8c7f586a591625840955299560ac2223) Importer(815301076,1909f56bfc062723c751e8b465ee728b)  -> (artifact id: 'e80aeb7aa9983aef920280d14433aadf') in 0.043895 seconds
  Import took 0.045937 seconds .

========================================================================
Received Import Request.
  Time since last request: 0.000241 seconds.
  path: Assets/icon/water.png
  artifactKey: Guid(8a2887cff80336c47b3c6ba878f4f019) Importer(815301076,1909f56bfc062723c751e8b465ee728b)
Start importing Assets/icon/water.png using Guid(8a2887cff80336c47b3c6ba878f4f019) Importer(815301076,1909f56bfc062723c751e8b465ee728b)  -> (artifact id: 'bb18e1d431eabc2e2e99fbf12ba844b9') in 0.032131 seconds
  Import took 0.033549 seconds .

========================================================================
Received Import Request.
  Time since last request: 0.000179 seconds.
  path: Assets/Models/flower.fbx
  artifactKey: Guid(9f61633e26d17b64caa79f23e69614c1) Importer(815301076,1909f56bfc062723c751e8b465ee728b)
Start importing Assets/Models/flower.fbx using Guid(9f61633e26d17b64caa79f23e69614c1) Importer(815301076,1909f56bfc062723c751e8b465ee728b)  -> (artifact id: '8880c5a01cd5b0d608bf83567097a705') in 0.246342 seconds
  Import took 0.247919 seconds .

========================================================================
Received Import Request.
  Time since last request: 0.000238 seconds.
  path: Assets/icon/barBK.png
  artifactKey: Guid(ba3b29dea1bc9b94098eb574b6a1c631) Importer(815301076,1909f56bfc062723c751e8b465ee728b)
Start importing Assets/icon/barBK.png using Guid(ba3b29dea1bc9b94098eb574b6a1c631) Importer(815301076,1909f56bfc062723c751e8b465ee728b)  -> (artifact id: 'b7343e5167d3b5f9feb3bc4d23e5c696') in 0.015916 seconds
  Import took 0.017437 seconds .

========================================================================
Received Import Request.
  Time since last request: 0.000196 seconds.
  path: Assets/Models/TatiaoT0.bmp
  artifactKey: Guid(80f0e30db2d6d824199b5a869b8c1ae3) Importer(815301076,1909f56bfc062723c751e8b465ee728b)
Start importing Assets/Models/TatiaoT0.bmp using Guid(80f0e30db2d6d824199b5a869b8c1ae3) Importer(815301076,1909f56bfc062723c751e8b465ee728b)  -> (artifact id: 'ef70caef97e97ce354b51dfe2de4ab6b') in 0.005847 seconds
  Import took 0.007290 seconds .

========================================================================
Received Import Request.
  Time since last request: 0.000201 seconds.
  path: Assets/Models/flower29.3ds
  artifactKey: Guid(e319b7999aff7eb40b82965c1af52d92) Importer(815301076,1909f56bfc062723c751e8b465ee728b)
Start importing Assets/Models/flower29.3ds using Guid(e319b7999aff7eb40b82965c1af52d92) Importer(815301076,1909f56bfc062723c751e8b465ee728b)  -> (artifact id: '8c9aca40c0f6fa6909e6ba682e8d0211') in 0.029274 seconds
  Import took 0.030937 seconds .

========================================================================
Received Import Request.
  Time since last request: 0.000214 seconds.
  path: Assets/icon/sun.png
  artifactKey: Guid(75045d7fa67cbf348918b926e74fe276) Importer(815301076,1909f56bfc062723c751e8b465ee728b)
Start importing Assets/icon/sun.png using Guid(75045d7fa67cbf348918b926e74fe276) Importer(815301076,1909f56bfc062723c751e8b465ee728b)  -> (artifact id: '66c4363b1bbba6632fe5447ad0bc406f') in 0.005149 seconds
  Import took 0.006518 seconds .

========================================================================
Received Import Request.
  Time since last request: 0.000163 seconds.
  path: Assets/icon/BK.png
  artifactKey: Guid(f33fbd541d93d5b4995f1d1ea96c7ef2) Importer(815301076,1909f56bfc062723c751e8b465ee728b)
Start importing Assets/icon/BK.png using Guid(f33fbd541d93d5b4995f1d1ea96c7ef2) Importer(815301076,1909f56bfc062723c751e8b465ee728b)  -> (artifact id: '44724363b2ea0404510c3f69d8d972e6') in 0.012742 seconds
  Import took 0.014486 seconds .

========================================================================
Received Import Request.
  Time since last request: 0.000204 seconds.
  path: Assets/icon/logo.png
  artifactKey: Guid(41176fdab61e5e64a8175eab328ad7dc) Importer(815301076,1909f56bfc062723c751e8b465ee728b)
Start importing Assets/icon/logo.png using Guid(41176fdab61e5e64a8175eab328ad7dc) Importer(815301076,1909f56bfc062723c751e8b465ee728b)  -> (artifact id: 'd7c86afbad062d6dcc312b37122b8815') in 0.009583 seconds
  Import took 0.011418 seconds .

========================================================================
Received Import Request.
  Time since last request: 0.000246 seconds.
  path: Assets/icon/love.png
  artifactKey: Guid(51845d4b5e9d16f468cea31a57d785a8) Importer(815301076,1909f56bfc062723c751e8b465ee728b)
Start importing Assets/icon/love.png using Guid(51845d4b5e9d16f468cea31a57d785a8) Importer(815301076,1909f56bfc062723c751e8b465ee728b)  -> (artifact id: '765c601f9653db1f7b6b851e07ff0321') in 0.009000 seconds
  Import took 0.010979 seconds .

========================================================================
Received Import Request.
  Time since last request: 3.039262 seconds.
  path: Assets/Scenes/infinity-flower.unity
  artifactKey: Guid(e0809b0bb2e56a5469add6e1625dddb6) Importer(815301076,1909f56bfc062723c751e8b465ee728b)
Start importing Assets/Scenes/infinity-flower.unity using Guid(e0809b0bb2e56a5469add6e1625dddb6) Importer(815301076,1909f56bfc062723c751e8b465ee728b)  -> (artifact id: 'f4207f4de3921ea7b3e2d5d425ba7ed8') in 0.002254 seconds
  Import took 0.003771 seconds .

========================================================================
Received Import Request.
  Time since last request: 0.010207 seconds.
  path: Assets/Scenes/infinity-flower.unity
  artifactKey: Guid(e0809b0bb2e56a5469add6e1625dddb6) Importer(815301076,1909f56bfc062723c751e8b465ee728b)
Start importing Assets/Scenes/infinity-flower.unity using Guid(e0809b0bb2e56a5469add6e1625dddb6) Importer(815301076,1909f56bfc062723c751e8b465ee728b)  -> (artifact id: 'f4207f4de3921ea7b3e2d5d425ba7ed8') in 0.002013 seconds
  Import took 0.003880 seconds .

========================================================================
Received Import Request.
  Time since last request: 9.495891 seconds.
  path: Assets/RFX_Resources/RFX_Buff/Materials/Floor_Spin02.mat
  artifactKey: Guid(2b9829070bb274c41a3a92d3c50634e9) Importer(815301076,1909f56bfc062723c751e8b465ee728b)
Start importing Assets/RFX_Resources/RFX_Buff/Materials/Floor_Spin02.mat using Guid(2b9829070bb274c41a3a92d3c50634e9) Importer(815301076,1909f56bfc062723c751e8b465ee728b)  -> (artifact id: 'c5bfd28057366dfa8946b146c13b92ab') in 0.020562 seconds
  Import took 0.022670 seconds .

========================================================================
Received Import Request.
  Time since last request: 52.042360 seconds.
  path: Assets/RFX_Resources/RFX_Buff/Materials/Circle_Edge01.mat
  artifactKey: Guid(7ab24d8621a2f1b4798ea08c5e07b8db) Importer(815301076,1909f56bfc062723c751e8b465ee728b)
Start importing Assets/RFX_Resources/RFX_Buff/Materials/Circle_Edge01.mat using Guid(7ab24d8621a2f1b4798ea08c5e07b8db) Importer(815301076,1909f56bfc062723c751e8b465ee728b)  -> (artifact id: '3853ef49d393002813a60efe40bbd5a5') in 0.007249 seconds
  Import took 0.009063 seconds .

========================================================================
Received Import Request.
  Time since last request: 0.008424 seconds.
  path: Assets/RFX_Resources/RFX_Buff/Materials/Circle_Edge01.mat
  artifactKey: Guid(7ab24d8621a2f1b4798ea08c5e07b8db) Importer(815301076,1909f56bfc062723c751e8b465ee728b)
Start importing Assets/RFX_Resources/RFX_Buff/Materials/Circle_Edge01.mat using Guid(7ab24d8621a2f1b4798ea08c5e07b8db) Importer(815301076,1909f56bfc062723c751e8b465ee728b)  -> (artifact id: '3853ef49d393002813a60efe40bbd5a5') in 0.006863 seconds
  Import took 0.008513 seconds .

========================================================================
Received Prepare
Registering precompiled user dll's ...
Registered in 0.001093 seconds.
Begin MonoManager ReloadAssembly
Native extension for WindowsStandalone target not found
Native extension for WebGL target not found
Refreshing native plugins compatible for Editor in 0.19 ms, found 0 plugins.
Preloading 0 native plugins for Editor in 0.00 ms.
Invoked RoslynAnalysisRunner static constructor.
RoslynAnalysisRunner will not be running.
RoslynAnalysisRunner has terminated.
Mono: successfully reloaded assembly
- Completed reload, in  0.540 seconds
Platform modules already initialized, skipping
Refreshing native plugins compatible for Editor in 0.21 ms, found 0 plugins.
Preloading 0 native plugins for Editor in 0.00 ms.
Unloading 1274 Unused Serialized files (Serialized files now loaded: 0)
System memory in use before: 68.1 MB.
System memory in use after: 68.1 MB.

Unloading 8 unused Assets to reduce memory usage. Loaded Objects now: 1785.
Total: 1.822100 ms (FindLiveObjects: 0.264100 ms CreateObjectMapping: 0.063700 ms MarkObjects: 1.358000 ms  DeleteObjects: 0.134300 ms)

========================================================================
Received Import Request.
  Time since last request: 316.851559 seconds.
  path: Assets/RFX_Resources/RFX_Buff/Materials/LensFlare_Light01.mat
  artifactKey: Guid(5c77497086217e34ea5fc69e49c8a0de) Importer(815301076,1909f56bfc062723c751e8b465ee728b)
Start importing Assets/RFX_Resources/RFX_Buff/Materials/LensFlare_Light01.mat using Guid(5c77497086217e34ea5fc69e49c8a0de) Importer(815301076,1909f56bfc062723c751e8b465ee728b)  -> (artifact id: '819a9bba47dffe42bb057dba5bc36641') in 0.047992 seconds
  Import took 0.049921 seconds .

========================================================================
Received Prepare
Registering precompiled user dll's ...
Registered in 0.000995 seconds.
Begin MonoManager ReloadAssembly
Native extension for WindowsStandalone target not found
Native extension for WebGL target not found
Refreshing native plugins compatible for Editor in 0.18 ms, found 0 plugins.
Preloading 0 native plugins for Editor in 0.00 ms.
Invoked RoslynAnalysisRunner static constructor.
RoslynAnalysisRunner will not be running.
RoslynAnalysisRunner has terminated.
Mono: successfully reloaded assembly
- Completed reload, in  0.573 seconds
Platform modules already initialized, skipping
Refreshing native plugins compatible for Editor in 0.17 ms, found 0 plugins.
Preloading 0 native plugins for Editor in 0.00 ms.
Unloading 1274 Unused Serialized files (Serialized files now loaded: 0)
System memory in use before: 68.2 MB.
System memory in use after: 68.1 MB.

Unloading 8 unused Assets to reduce memory usage. Loaded Objects now: 1789.
Total: 1.792300 ms (FindLiveObjects: 0.180000 ms CreateObjectMapping: 0.045000 ms MarkObjects: 1.375200 ms  DeleteObjects: 0.190600 ms)

========================================================================
Received Prepare
Registering precompiled user dll's ...
Registered in 0.001305 seconds.
Begin MonoManager ReloadAssembly
Native extension for WindowsStandalone target not found
Native extension for WebGL target not found
Refreshing native plugins compatible for Editor in 0.19 ms, found 0 plugins.
Preloading 0 native plugins for Editor in 0.00 ms.
Invoked RoslynAnalysisRunner static constructor.
RoslynAnalysisRunner will not be running.
RoslynAnalysisRunner has terminated.
Mono: successfully reloaded assembly
- Completed reload, in  0.516 seconds
Platform modules already initialized, skipping
Refreshing native plugins compatible for Editor in 0.18 ms, found 0 plugins.
Preloading 0 native plugins for Editor in 0.00 ms.
Unloading 1274 Unused Serialized files (Serialized files now loaded: 0)
System memory in use before: 68.2 MB.
System memory in use after: 68.1 MB.

Unloading 8 unused Assets to reduce memory usage. Loaded Objects now: 1792.
Total: 1.411900 ms (FindLiveObjects: 0.180700 ms CreateObjectMapping: 0.024800 ms MarkObjects: 1.049400 ms  DeleteObjects: 0.155400 ms)

========================================================================
Received Prepare
Registering precompiled user dll's ...
Registered in 0.000919 seconds.
Begin MonoManager ReloadAssembly
Native extension for WindowsStandalone target not found
Native extension for WebGL target not found
Refreshing native plugins compatible for Editor in 0.20 ms, found 0 plugins.
Preloading 0 native plugins for Editor in 0.00 ms.
Invoked RoslynAnalysisRunner static constructor.
RoslynAnalysisRunner will not be running.
RoslynAnalysisRunner has terminated.
Mono: successfully reloaded assembly
- Completed reload, in  0.587 seconds
Platform modules already initialized, skipping
Refreshing native plugins compatible for Editor in 0.18 ms, found 0 plugins.
Preloading 0 native plugins for Editor in 0.00 ms.
Unloading 1274 Unused Serialized files (Serialized files now loaded: 0)
System memory in use before: 68.2 MB.
System memory in use after: 68.1 MB.

Unloading 8 unused Assets to reduce memory usage. Loaded Objects now: 1795.
Total: 1.282000 ms (FindLiveObjects: 0.111800 ms CreateObjectMapping: 0.024100 ms MarkObjects: 0.995500 ms  DeleteObjects: 0.149600 ms)

========================================================================
Received Prepare
Refreshing native plugins compatible for Editor in 0.78 ms, found 0 plugins.
Preloading 0 native plugins for Editor in 0.00 ms.
Unloading 6 Unused Serialized files (Serialized files now loaded: 0)
System memory in use before: 43.1 MB.
System memory in use after: 43.0 MB.

Unloading 6 unused Assets to reduce memory usage. Loaded Objects now: 1795.
Total: 3.348900 ms (FindLiveObjects: 0.395700 ms CreateObjectMapping: 0.115900 ms MarkObjects: 2.631500 ms  DeleteObjects: 0.203300 ms)

========================================================================
Received Prepare
Registering precompiled user dll's ...
Registered in 0.000798 seconds.
Begin MonoManager ReloadAssembly
Native extension for WindowsStandalone target not found
Native extension for WebGL target not found
Refreshing native plugins compatible for Editor in 0.19 ms, found 0 plugins.
Preloading 0 native plugins for Editor in 0.00 ms.
Invoked RoslynAnalysisRunner static constructor.
RoslynAnalysisRunner will not be running.
RoslynAnalysisRunner has terminated.
Mono: successfully reloaded assembly
- Completed reload, in  0.494 seconds
Platform modules already initialized, skipping
Refreshing native plugins compatible for Editor in 0.20 ms, found 0 plugins.
Preloading 0 native plugins for Editor in 0.00 ms.
Unloading 1274 Unused Serialized files (Serialized files now loaded: 0)
System memory in use before: 68.3 MB.
System memory in use after: 68.2 MB.

Unloading 8 unused Assets to reduce memory usage. Loaded Objects now: 1798.
Total: 1.671600 ms (FindLiveObjects: 0.120700 ms CreateObjectMapping: 0.025000 ms MarkObjects: 1.348200 ms  DeleteObjects: 0.176500 ms)

========================================================================
Received Prepare
Refreshing native plugins compatible for Editor in 0.85 ms, found 0 plugins.
Preloading 0 native plugins for Editor in 0.00 ms.
Unloading 6 Unused Serialized files (Serialized files now loaded: 0)
System memory in use before: 43.2 MB.
System memory in use after: 43.1 MB.

Unloading 6 unused Assets to reduce memory usage. Loaded Objects now: 1798.
Total: 1.394600 ms (FindLiveObjects: 0.091800 ms CreateObjectMapping: 0.023000 ms MarkObjects: 1.138000 ms  DeleteObjects: 0.140400 ms)

========================================================================
Received Prepare
Refreshing native plugins compatible for Editor in 0.72 ms, found 0 plugins.
Preloading 0 native plugins for Editor in 0.00 ms.
Unloading 6 Unused Serialized files (Serialized files now loaded: 0)
System memory in use before: 43.2 MB.
System memory in use after: 43.1 MB.

Unloading 6 unused Assets to reduce memory usage. Loaded Objects now: 1798.
Total: 1.721200 ms (FindLiveObjects: 0.117500 ms CreateObjectMapping: 0.026700 ms MarkObjects: 1.364500 ms  DeleteObjects: 0.211500 ms)

========================================================================
Received Prepare
Refreshing native plugins compatible for Editor in 1.42 ms, found 0 plugins.
Preloading 0 native plugins for Editor in 0.00 ms.
Unloading 6 Unused Serialized files (Serialized files now loaded: 0)
System memory in use before: 43.2 MB.
System memory in use after: 43.1 MB.

Unloading 6 unused Assets to reduce memory usage. Loaded Objects now: 1798.
Total: 3.125500 ms (FindLiveObjects: 0.228900 ms CreateObjectMapping: 0.038900 ms MarkObjects: 2.679100 ms  DeleteObjects: 0.174800 ms)

========================================================================
Received Prepare
Refreshing native plugins compatible for Editor in 0.74 ms, found 0 plugins.
Preloading 0 native plugins for Editor in 0.00 ms.
Unloading 6 Unused Serialized files (Serialized files now loaded: 0)
System memory in use before: 43.2 MB.
System memory in use after: 43.1 MB.

Unloading 6 unused Assets to reduce memory usage. Loaded Objects now: 1798.
Total: 1.930400 ms (FindLiveObjects: 0.129500 ms CreateObjectMapping: 0.028600 ms MarkObjects: 1.608100 ms  DeleteObjects: 0.162800 ms)

========================================================================
Received Prepare
Registering precompiled user dll's ...
Registered in 0.001159 seconds.
Begin MonoManager ReloadAssembly
Native extension for WindowsStandalone target not found
Native extension for WebGL target not found
Refreshing native plugins compatible for Editor in 0.22 ms, found 0 plugins.
Preloading 0 native plugins for Editor in 0.00 ms.
Invoked RoslynAnalysisRunner static constructor.
RoslynAnalysisRunner will not be running.
RoslynAnalysisRunner has terminated.
Mono: successfully reloaded assembly
- Completed reload, in  0.755 seconds
Platform modules already initialized, skipping
Refreshing native plugins compatible for Editor in 0.18 ms, found 0 plugins.
Preloading 0 native plugins for Editor in 0.00 ms.
Unloading 1274 Unused Serialized files (Serialized files now loaded: 0)
System memory in use before: 68.3 MB.
System memory in use after: 68.2 MB.

Unloading 8 unused Assets to reduce memory usage. Loaded Objects now: 1801.
Total: 10.194000 ms (FindLiveObjects: 0.306300 ms CreateObjectMapping: 0.075100 ms MarkObjects: 1.812100 ms  DeleteObjects: 7.998100 ms)

